<?xml version="1.0" encoding="UTF-8"?>
<!-- Generated by org.testng.reporters.JUnitReportReporter -->
<testsuite hostname="HP" failures="0" tests="1" name="TestRunners.RunnerClass" time="0.186" errors="0" timestamp="2022-11-03T09:24:35 IST" skipped="0">
  <testcase classname="TestRunners.RunnerClass" name="runScenario" time="0.186"/>
  <system-out/>
</testsuite> <!-- TestRunners.RunnerClass -->
