<?xml version="1.0" encoding="UTF-8"?>
<!-- Generated by org.testng.reporters.JUnitReportReporter -->
<testsuite hostname="HP" failures="0" tests="2" name="TestRunners.RunnerClass" time="0.113" errors="0" timestamp="2022-11-04T13:13:02 IST" skipped="0">
  <testcase classname="TestRunners.RunnerClass" name="runScenario" time="0.012"/>
  <system-out/>
  <testcase classname="TestRunners.RunnerClass" name="runScenario" time="0.101"/>
  <system-out/>
</testsuite> <!-- TestRunners.RunnerClass -->
